Окружение на момент начала сборки:
ALLUSERSPROFILE = C:\ProgramData
APPDATA = C:\Users\Дмитрий\AppData\Roaming
CommonProgramFiles = C:\Program Files (x86)\Common Files
CommonProgramFiles(x86) = C:\Program Files (x86)\Common Files
CommonProgramW6432 = C:\Program Files\Common Files
COMPUTERNAME = ДМИТРИЙ-ПК
ComSpec = C:\WINDOWS\system32\cmd.exe
DriverData = C:\Windows\System32\Drivers\DriverData
FPS_BROWSER_APP_PROFILE_STRING = Internet Explorer
FPS_BROWSER_USER_PROFILE_STRING = Default
FP_NO_HOST_CHECK = NO
HOMEDRIVE = C:
HOMEPATH = \Users\Дмитрий
KMP_DUPLICATE_LIB_OK = TRUE
KOMPAS_SDK = C:\Program Files\ASCON\KOMPAS-3D v17\SDK\
LOCALAPPDATA = C:\Users\Дмитрий\AppData\Local
LOGONSERVER = \\ДМИТРИЙ-ПК
MKL_SERIAL = YES
MOZ_PLUGIN_PATH = C:\Program Files (x86)\Foxit Software\Foxit Reader\plugins\
MSBuildLoadMicrosoftTargetsReadOnly = true
NIEXTCCOMPILERSUPP = C:\Program Files (x86)\National Instruments\Shared\ExternalCompilerSupport\C\
NUMBER_OF_PROCESSORS = 8
OneDrive = C:\Users\Дмитрий\OneDrive
OS = Windows_NT
Path = C:\WINDOWS\system32;C:\WINDOWS;C:\WINDOWS\System32\Wbem;C:\WINDOWS\System32\WindowsPowerShell\v1.0\;C:\Program Files (x86)\NVIDIA Corporation\PhysX\Common;C:\WINDOWS\system32;C:\WINDOWS;C:\WINDOWS\System32\Wbem;C:\WINDOWS\System32\WindowsPowerShell\v1.0\;C:\WINDOWS\System32\OpenSSH\;C:\Program Files\Microsoft SQL Server\130\Tools\Binn\;C:\Program Files\Microsoft SQL Server\Client SDK\ODBC\170\Tools\Binn\;C:\Program Files\NVIDIA Corporation\NVIDIA NvDLISR;C:\Program Files\dotnet\;C:\Program Files (x86)\Windows Kits\10\Windows Performance Toolkit\;C:\Users\Дмитрий\AppData\Local\Microsoft\WindowsApps;
PATHEXT = .COM;.EXE;.BAT;.CMD;.VBS;.VBE;.JS;.JSE;.WSF;.WSH;.MSC
PkgDefApplicationConfigFile = C:\Users\Дмитрий\AppData\Local\Microsoft\VisualStudio\16.0_1ab171b0\devenv.exe.config
PROCESSOR_ARCHITECTURE = x86
PROCESSOR_ARCHITEW6432 = AMD64
PROCESSOR_IDENTIFIER = Intel64 Family 6 Model 26 Stepping 5, GenuineIntel
PROCESSOR_LEVEL = 6
PROCESSOR_REVISION = 1a05
ProgramData = C:\ProgramData
ProgramFiles = C:\Program Files (x86)
ProgramFiles(x86) = C:\Program Files (x86)
ProgramW6432 = C:\Program Files
PSModulePath = C:\WINDOWS\system32\WindowsPowerShell\v1.0\Modules\
PT7HOME = C:\Program Files\Cisco Packet Tracer 7.2.2
PUBLIC = C:\Users\Public
QT_DEVICE_PIXEL_RATIO = auto
ServiceHubLogSessionKey = 0CB59B9E
SESSIONNAME = Console
SystemDrive = C:
SystemRoot = C:\WINDOWS
TEMP = C:\Users\AACE~1\AppData\Local\Temp
ThreadedWaitDialogDpiContext = -4
TMP = C:\Users\AACE~1\AppData\Local\Temp
USERDOMAIN = Дмитрий-ПК
USERDOMAIN_ROAMINGPROFILE = Дмитрий-ПК
USERNAME = Дмитрий
USERPROFILE = C:\Users\Дмитрий
VBOX_MSI_INSTALL_PATH = C:\Program Files\Oracle\VirtualBox\
VisualStudioDir = C:\Users\Дмитрий\Documents\Visual Studio 2019
VisualStudioEdition = Microsoft Visual Studio Community 2019
VisualStudioVersion = 16.0
VSAPPIDDIR = C:\Program Files (x86)\Microsoft Visual Studio\2019\Community\Common7\IDE\
VSAPPIDNAME = devenv.exe
VSLANG = 1049
VSSKUEDITION = Community
windir = C:\WINDOWS

  Source.cpp
C:\Users\Дмитрий\source\repos\Project3\Source.cpp(200,12): warning C4244: аргумент: преобразование "time_t" в "unsigned int", возможна потеря данных
C:\Users\Дмитрий\source\repos\Project3\Source.cpp(855,80): warning C4309: =: усечение константного значения
C:\Users\Дмитрий\source\repos\Project3\Source.cpp(863,80): warning C4309: =: усечение константного значения
C:\Users\Дмитрий\source\repos\Project3\Source.cpp(875,80): warning C4309: =: усечение константного значения
C:\Users\Дмитрий\source\repos\Project3\Source.cpp(883,80): warning C4309: =: усечение константного значения
C:\Users\Дмитрий\source\repos\Project3\Source.cpp(895,80): warning C4309: =: усечение константного значения
C:\Users\Дмитрий\source\repos\Project3\Source.cpp(903,80): warning C4309: =: усечение константного значения
C:\Users\Дмитрий\source\repos\Project3\Source.cpp(915,80): warning C4309: =: усечение константного значения
C:\Users\Дмитрий\source\repos\Project3\Source.cpp(924,80): warning C4309: =: усечение константного значения
C:\Users\Дмитрий\source\repos\Project3\Source.cpp(959,80): warning C4309: =: усечение константного значения
C:\Users\Дмитрий\source\repos\Project3\Source.cpp(960,80): warning C4309: =: усечение константного значения
C:\Users\Дмитрий\source\repos\Project3\Source.cpp(969,80): warning C4309: =: усечение константного значения
C:\Users\Дмитрий\source\repos\Project3\Source.cpp(970,80): warning C4309: =: усечение константного значения
C:\Users\Дмитрий\source\repos\Project3\Source.cpp(983,80): warning C4309: =: усечение константного значения
C:\Users\Дмитрий\source\repos\Project3\Source.cpp(984,80): warning C4309: =: усечение константного значения
C:\Users\Дмитрий\source\repos\Project3\Source.cpp(993,80): warning C4309: =: усечение константного значения
C:\Users\Дмитрий\source\repos\Project3\Source.cpp(994,80): warning C4309: =: усечение константного значения
C:\Users\Дмитрий\source\repos\Project3\Source.cpp(1007,80): warning C4309: =: усечение константного значения
C:\Users\Дмитрий\source\repos\Project3\Source.cpp(1008,80): warning C4309: =: усечение константного значения
C:\Users\Дмитрий\source\repos\Project3\Source.cpp(1018,80): warning C4309: =: усечение константного значения
C:\Users\Дмитрий\source\repos\Project3\Source.cpp(1019,80): warning C4309: =: усечение константного значения
C:\Users\Дмитрий\source\repos\Project3\Source.cpp(1055,78): warning C4309: =: усечение константного значения
C:\Users\Дмитрий\source\repos\Project3\Source.cpp(1056,78): warning C4309: =: усечение константного значения
C:\Users\Дмитрий\source\repos\Project3\Source.cpp(1057,78): warning C4309: =: усечение константного значения
C:\Users\Дмитрий\source\repos\Project3\Source.cpp(1067,78): warning C4309: =: усечение константного значения
C:\Users\Дмитрий\source\repos\Project3\Source.cpp(1068,78): warning C4309: =: усечение константного значения
C:\Users\Дмитрий\source\repos\Project3\Source.cpp(1069,78): warning C4309: =: усечение константного значения
C:\Users\Дмитрий\source\repos\Project3\Source.cpp(1083,78): warning C4309: =: усечение константного значения
C:\Users\Дмитрий\source\repos\Project3\Source.cpp(1084,78): warning C4309: =: усечение константного значения
C:\Users\Дмитрий\source\repos\Project3\Source.cpp(1085,78): warning C4309: =: усечение константного значения
C:\Users\Дмитрий\source\repos\Project3\Source.cpp(1095,78): warning C4309: =: усечение константного значения
C:\Users\Дмитрий\source\repos\Project3\Source.cpp(1096,78): warning C4309: =: усечение константного значения
C:\Users\Дмитрий\source\repos\Project3\Source.cpp(1097,78): warning C4309: =: усечение константного значения
C:\Users\Дмитрий\source\repos\Project3\Source.cpp(1130,71): warning C4309: =: усечение константного значения
C:\Users\Дмитрий\source\repos\Project3\Source.cpp(1131,71): warning C4309: =: усечение константного значения
C:\Users\Дмитрий\source\repos\Project3\Source.cpp(1132,71): warning C4309: =: усечение константного значения
C:\Users\Дмитрий\source\repos\Project3\Source.cpp(1133,71): warning C4309: =: усечение константного значения
C:\Users\Дмитрий\source\repos\Project3\Source.cpp(1148,71): warning C4309: =: усечение константного значения
C:\Users\Дмитрий\source\repos\Project3\Source.cpp(1149,71): warning C4309: =: усечение константного значения
C:\Users\Дмитрий\source\repos\Project3\Source.cpp(1150,71): warning C4309: =: усечение константного значения
C:\Users\Дмитрий\source\repos\Project3\Source.cpp(1151,71): warning C4309: =: усечение константного значения
C:\Users\Дмитрий\source\repos\Project3\Source.cpp(5244,71): warning C4309: =: усечение константного значения
C:\Users\Дмитрий\source\repos\Project3\Source.cpp(5252,71): warning C4309: =: усечение константного значения
C:\Users\Дмитрий\source\repos\Project3\Source.cpp(5264,71): warning C4309: =: усечение константного значения
C:\Users\Дмитрий\source\repos\Project3\Source.cpp(5272,71): warning C4309: =: усечение константного значения
C:\Users\Дмитрий\source\repos\Project3\Source.cpp(5284,71): warning C4309: =: усечение константного значения
C:\Users\Дмитрий\source\repos\Project3\Source.cpp(5292,71): warning C4309: =: усечение константного значения
C:\Users\Дмитрий\source\repos\Project3\Source.cpp(5304,71): warning C4309: =: усечение константного значения
C:\Users\Дмитрий\source\repos\Project3\Source.cpp(5313,71): warning C4309: =: усечение константного значения
C:\Users\Дмитрий\source\repos\Project3\Source.cpp(5348,71): warning C4309: =: усечение константного значения
C:\Users\Дмитрий\source\repos\Project3\Source.cpp(5349,71): warning C4309: =: усечение константного значения
C:\Users\Дмитрий\source\repos\Project3\Source.cpp(5358,71): warning C4309: =: усечение константного значения
C:\Users\Дмитрий\source\repos\Project3\Source.cpp(5359,71): warning C4309: =: усечение константного значения
C:\Users\Дмитрий\source\repos\Project3\Source.cpp(5372,71): warning C4309: =: усечение константного значения
C:\Users\Дмитрий\source\repos\Project3\Source.cpp(5373,71): warning C4309: =: усечение константного значения
C:\Users\Дмитрий\source\repos\Project3\Source.cpp(5382,71): warning C4309: =: усечение константного значения
C:\Users\Дмитрий\source\repos\Project3\Source.cpp(5383,71): warning C4309: =: усечение константного значения
C:\Users\Дмитрий\source\repos\Project3\Source.cpp(5396,71): warning C4309: =: усечение константного значения
C:\Users\Дмитрий\source\repos\Project3\Source.cpp(5397,71): warning C4309: =: усечение константного значения
C:\Users\Дмитрий\source\repos\Project3\Source.cpp(5407,71): warning C4309: =: усечение константного значения
C:\Users\Дмитрий\source\repos\Project3\Source.cpp(5408,71): warning C4309: =: усечение константного значения
C:\Users\Дмитрий\source\repos\Project3\Source.cpp(5444,69): warning C4309: =: усечение константного значения
C:\Users\Дмитрий\source\repos\Project3\Source.cpp(5445,69): warning C4309: =: усечение константного значения
C:\Users\Дмитрий\source\repos\Project3\Source.cpp(5446,69): warning C4309: =: усечение константного значения
C:\Users\Дмитрий\source\repos\Project3\Source.cpp(5456,69): warning C4309: =: усечение константного значения
C:\Users\Дмитрий\source\repos\Project3\Source.cpp(5457,69): warning C4309: =: усечение константного значения
C:\Users\Дмитрий\source\repos\Project3\Source.cpp(5458,69): warning C4309: =: усечение константного значения
C:\Users\Дмитрий\source\repos\Project3\Source.cpp(5472,69): warning C4309: =: усечение константного значения
C:\Users\Дмитрий\source\repos\Project3\Source.cpp(5473,69): warning C4309: =: усечение константного значения
C:\Users\Дмитрий\source\repos\Project3\Source.cpp(5474,69): warning C4309: =: усечение константного значения
C:\Users\Дмитрий\source\repos\Project3\Source.cpp(5484,69): warning C4309: =: усечение константного значения
C:\Users\Дмитрий\source\repos\Project3\Source.cpp(5485,69): warning C4309: =: усечение константного значения
C:\Users\Дмитрий\source\repos\Project3\Source.cpp(5486,69): warning C4309: =: усечение константного значения
C:\Users\Дмитрий\source\repos\Project3\Source.cpp(5519,62): warning C4309: =: усечение константного значения
C:\Users\Дмитрий\source\repos\Project3\Source.cpp(5520,62): warning C4309: =: усечение константного значения
C:\Users\Дмитрий\source\repos\Project3\Source.cpp(5521,62): warning C4309: =: усечение константного значения
C:\Users\Дмитрий\source\repos\Project3\Source.cpp(5522,62): warning C4309: =: усечение константного значения
C:\Users\Дмитрий\source\repos\Project3\Source.cpp(5537,62): warning C4309: =: усечение константного значения
C:\Users\Дмитрий\source\repos\Project3\Source.cpp(5538,62): warning C4309: =: усечение константного значения
C:\Users\Дмитрий\source\repos\Project3\Source.cpp(5539,62): warning C4309: =: усечение константного значения
C:\Users\Дмитрий\source\repos\Project3\Source.cpp(5540,62): warning C4309: =: усечение константного значения
C:\Users\Дмитрий\source\repos\Project3\Source.cpp(5581,71): warning C4309: =: усечение константного значения
C:\Users\Дмитрий\source\repos\Project3\Source.cpp(5589,71): warning C4309: =: усечение константного значения
C:\Users\Дмитрий\source\repos\Project3\Source.cpp(5601,71): warning C4309: =: усечение константного значения
C:\Users\Дмитрий\source\repos\Project3\Source.cpp(5609,71): warning C4309: =: усечение константного значения
C:\Users\Дмитрий\source\repos\Project3\Source.cpp(5621,71): warning C4309: =: усечение константного значения
C:\Users\Дмитрий\source\repos\Project3\Source.cpp(5629,71): warning C4309: =: усечение константного значения
C:\Users\Дмитрий\source\repos\Project3\Source.cpp(5641,71): warning C4309: =: усечение константного значения
C:\Users\Дмитрий\source\repos\Project3\Source.cpp(5650,71): warning C4309: =: усечение константного значения
C:\Users\Дмитрий\source\repos\Project3\Source.cpp(5674,71): warning C4309: =: усечение константного значения
C:\Users\Дмитрий\source\repos\Project3\Source.cpp(5675,71): warning C4309: =: усечение константного значения
C:\Users\Дмитрий\source\repos\Project3\Source.cpp(5684,71): warning C4309: =: усечение константного значения
C:\Users\Дмитрий\source\repos\Project3\Source.cpp(5685,71): warning C4309: =: усечение константного значения
C:\Users\Дмитрий\source\repos\Project3\Source.cpp(5698,71): warning C4309: =: усечение константного значения
C:\Users\Дмитрий\source\repos\Project3\Source.cpp(5699,71): warning C4309: =: усечение константного значения
C:\Users\Дмитрий\source\repos\Project3\Source.cpp(5708,71): warning C4309: =: усечение константного значения
C:\Users\Дмитрий\source\repos\Project3\Source.cpp(5709,71): warning C4309: =: усечение константного значения
C:\Users\Дмитрий\source\repos\Project3\Source.cpp(5722,71): warning C4309: =: усечение константного значения
C:\Users\Дмитрий\source\repos\Project3\Source.cpp(5723,71): warning C4309: =: усечение константного значения
C:\Users\Дмитрий\source\repos\Project3\Source.cpp(5733,71): warning C4309: =: усечение константного значения
C:\Users\Дмитрий\source\repos\Project3\Source.cpp(5734,71): warning C4309: =: усечение константного значения
C:\Users\Дмитрий\source\repos\Project3\Source.cpp(5759,69): warning C4309: =: усечение константного значения
C:\Users\Дмитрий\source\repos\Project3\Source.cpp(5760,69): warning C4309: =: усечение константного значения
C:\Users\Дмитрий\source\repos\Project3\Source.cpp(5761,69): warning C4309: =: усечение константного значения
C:\Users\Дмитрий\source\repos\Project3\Source.cpp(5771,69): warning C4309: =: усечение константного значения
C:\Users\Дмитрий\source\repos\Project3\Source.cpp(5772,69): warning C4309: =: усечение константного значения
C:\Users\Дмитрий\source\repos\Project3\Source.cpp(5773,69): warning C4309: =: усечение константного значения
C:\Users\Дмитрий\source\repos\Project3\Source.cpp(5787,69): warning C4309: =: усечение константного значения
C:\Users\Дмитрий\source\repos\Project3\Source.cpp(5788,69): warning C4309: =: усечение константного значения
C:\Users\Дмитрий\source\repos\Project3\Source.cpp(5789,69): warning C4309: =: усечение константного значения
C:\Users\Дмитрий\source\repos\Project3\Source.cpp(5799,69): warning C4309: =: усечение константного значения
C:\Users\Дмитрий\source\repos\Project3\Source.cpp(5800,69): warning C4309: =: усечение константного значения
C:\Users\Дмитрий\source\repos\Project3\Source.cpp(5801,69): warning C4309: =: усечение константного значения
C:\Users\Дмитрий\source\repos\Project3\Source.cpp(5824,62): warning C4309: =: усечение константного значения
C:\Users\Дмитрий\source\repos\Project3\Source.cpp(5825,62): warning C4309: =: усечение константного значения
C:\Users\Дмитрий\source\repos\Project3\Source.cpp(5826,62): warning C4309: =: усечение константного значения
C:\Users\Дмитрий\source\repos\Project3\Source.cpp(5827,62): warning C4309: =: усечение константного значения
C:\Users\Дмитрий\source\repos\Project3\Source.cpp(5842,62): warning C4309: =: усечение константного значения
C:\Users\Дмитрий\source\repos\Project3\Source.cpp(5843,62): warning C4309: =: усечение константного значения
C:\Users\Дмитрий\source\repos\Project3\Source.cpp(5844,62): warning C4309: =: усечение константного значения
C:\Users\Дмитрий\source\repos\Project3\Source.cpp(5845,62): warning C4309: =: усечение константного значения
C:\Users\Дмитрий\source\repos\Project3\Source.cpp(6874,19): warning C4838: Преобразование из "int" в "char" требует сужающего преобразования.
C:\Users\Дмитрий\source\repos\Project3\Source.cpp(6874,19): warning C4309: инициализация: усечение константного значения
C:\Users\Дмитрий\source\repos\Project3\Source.cpp(6874,25): warning C4838: Преобразование из "int" в "char" требует сужающего преобразования.
C:\Users\Дмитрий\source\repos\Project3\Source.cpp(6874,25): warning C4309: инициализация: усечение константного значения
C:\Users\Дмитрий\source\repos\Project3\Source.cpp(6874,29): warning C4838: Преобразование из "int" в "char" требует сужающего преобразования.
C:\Users\Дмитрий\source\repos\Project3\Source.cpp(6874,29): warning C4309: инициализация: усечение константного значения
C:\Users\Дмитрий\source\repos\Project3\Source.cpp(6874,33): warning C4838: Преобразование из "int" в "char" требует сужающего преобразования.
C:\Users\Дмитрий\source\repos\Project3\Source.cpp(6874,33): warning C4309: инициализация: усечение константного значения
C:\Users\Дмитрий\source\repos\Project3\Source.cpp(6874,39): warning C4838: Преобразование из "int" в "char" требует сужающего преобразования.
C:\Users\Дмитрий\source\repos\Project3\Source.cpp(6874,39): warning C4309: инициализация: усечение константного значения
C:\Users\Дмитрий\source\repos\Project3\Source.cpp(6874,43): warning C4838: Преобразование из "int" в "char" требует сужающего преобразования.
C:\Users\Дмитрий\source\repos\Project3\Source.cpp(6874,43): warning C4309: инициализация: усечение константного значения
C:\Users\Дмитрий\source\repos\Project3\Source.cpp(6874,49): warning C4838: Преобразование из "int" в "char" требует сужающего преобразования.
C:\Users\Дмитрий\source\repos\Project3\Source.cpp(6874,49): warning C4309: инициализация: усечение константного значения
C:\Users\Дмитрий\source\repos\Project3\Source.cpp(6875,6): warning C4838: Преобразование из "int" в "char" требует сужающего преобразования.
C:\Users\Дмитрий\source\repos\Project3\Source.cpp(6875,6): warning C4309: инициализация: усечение константного значения
C:\Users\Дмитрий\source\repos\Project3\Source.cpp(6875,26): warning C4838: Преобразование из "int" в "char" требует сужающего преобразования.
C:\Users\Дмитрий\source\repos\Project3\Source.cpp(6875,26): warning C4309: инициализация: усечение константного значения
C:\Users\Дмитрий\source\repos\Project3\Source.cpp(6876,6): warning C4838: Преобразование из "int" в "char" требует сужающего преобразования.
C:\Users\Дмитрий\source\repos\Project3\Source.cpp(6876,6): warning C4309: инициализация: усечение константного значения
C:\Users\Дмитрий\source\repos\Project3\Source.cpp(6876,12): warning C4838: Преобразование из "int" в "char" требует сужающего преобразования.
C:\Users\Дмитрий\source\repos\Project3\Source.cpp(6876,12): warning C4309: инициализация: усечение константного значения
C:\Users\Дмитрий\source\repos\Project3\Source.cpp(6876,16): warning C4838: Преобразование из "int" в "char" требует сужающего преобразования.
C:\Users\Дмитрий\source\repos\Project3\Source.cpp(6876,16): warning C4309: инициализация: усечение константного значения
C:\Users\Дмитрий\source\repos\Project3\Source.cpp(6877,6): warning C4838: Преобразование из "int" в "char" требует сужающего преобразования.
C:\Users\Дмитрий\source\repos\Project3\Source.cpp(6877,6): warning C4309: инициализация: усечение константного значения
C:\Users\Дмитрий\source\repos\Project3\Source.cpp(6879,6): warning C4838: Преобразование из "int" в "char" требует сужающего преобразования.
C:\Users\Дмитрий\source\repos\Project3\Source.cpp(6879,6): warning C4309: инициализация: усечение константного значения
C:\Users\Дмитрий\source\repos\Project3\Source.cpp(6880,6): warning C4838: Преобразование из "int" в "char" требует сужающего преобразования.
C:\Users\Дмитрий\source\repos\Project3\Source.cpp(6880,6): warning C4309: инициализация: усечение константного значения
C:\Users\Дмитрий\source\repos\Project3\Source.cpp(6880,16): warning C4838: Преобразование из "int" в "char" требует сужающего преобразования.
C:\Users\Дмитрий\source\repos\Project3\Source.cpp(6880,16): warning C4309: инициализация: усечение константного значения
C:\Users\Дмитрий\source\repos\Project3\Source.cpp(6880,26): warning C4838: Преобразование из "int" в "char" требует сужающего преобразования.
C:\Users\Дмитрий\source\repos\Project3\Source.cpp(6880,26): warning C4309: инициализация: усечение константного значения
C:\Users\Дмитрий\source\repos\Project3\Source.cpp(6881,6): warning C4838: Преобразование из "int" в "char" требует сужающего преобразования.
C:\Users\Дмитрий\source\repos\Project3\Source.cpp(6881,6): warning C4309: инициализация: усечение константного значения
C:\Users\Дмитрий\source\repos\Project3\Source.cpp(6882,18): warning C4838: Преобразование из "int" в "char" требует сужающего преобразования.
C:\Users\Дмитрий\source\repos\Project3\Source.cpp(6882,18): warning C4309: инициализация: усечение константного значения
C:\Users\Дмитрий\source\repos\Project3\Source.cpp(6883,10): warning C4838: Преобразование из "int" в "char" требует сужающего преобразования.
C:\Users\Дмитрий\source\repos\Project3\Source.cpp(6883,10): warning C4309: инициализация: усечение константного значения
C:\Users\Дмитрий\source\repos\Project3\Source.cpp(817): warning C4715: place_ship: значение возвращается не при всех путях выполнения
C:\Users\Дмитрий\source\repos\Project3\Source.cpp(571): warning C4715: pc_place_ship: значение возвращается не при всех путях выполнения
  Project3.vcxproj -> C:\Users\Дмитрий\source\repos\Project3\Debug\Project3.exe

Итоги по проекту:
     3492 мс вызовов   1 C:\Users\Дмитрий\source\repos\Project3\Project3.vcxproj
               3492 мс вызовов   1 Build                                   

Итоги по целям:
        0 мс вызовов   1 MakeDirsForResourceCompile              
        0 мс вызовов   1 PreLinkEvent                            
        0 мс вызовов   1 DoLinkOutputFilesMatch                  
        0 мс вызовов   1 PrepareResourceNames                    
        0 мс вызовов   1 CreateCustomManifestResourceNames       
        0 мс вызовов   1 ComputeLinkInputsFromProject            
        0 мс вызовов   1 ComputeCLGeneratedLinkInputs            
        0 мс вызовов   1 ComputeManifestGeneratedLinkerInputs    
        0 мс вызовов   1 ComputeRCGeneratedLinkInputs            
        0 мс вызовов   1 ComputeLinkImportLibraryOutputsForClean 
        0 мс вызовов   1 ComputeRCOutputs                        
        0 мс вызовов   1 BuildLinkTraverse                       
        0 мс вызовов   1 BuildCompile                            
        0 мс вызовов   1 _BuildCompileAction                     
        0 мс вызовов   1 AfterBuildCompileEvent                  
        0 мс вызовов   1 _ResourceCompile                        
        0 мс вызовов   1 AfterResourceCompile                    
        0 мс вызовов   1 BeforeResourceCompile                   
        0 мс вызовов   1 _ClCompile                              
        0 мс вызовов   1 BeforeLink                              
        0 мс вызовов   1 AfterLink                               
        0 мс вызовов   1 _Link                                   
        0 мс вызовов   1 _ALink                                  
        0 мс вызовов   1 AfterBuild                              
        0 мс вызовов   1 BuildLink                               
        0 мс вызовов   1 _BuildLinkAction                        
        0 мс вызовов   1 PostBuildEvent                          
        0 мс вызовов   1 PrepareForRun                           
        0 мс вызовов   1 _CopySourceItemsToOutputDirectory       
        0 мс вызовов   1 GetCopyToOutputDirectoryItems           
        0 мс вызовов   1 _Deploy                                 
        0 мс вызовов   1 _Appverifier                            
        0 мс вызовов   1 CreateSatelliteAssemblies               
        0 мс вызовов   1 _GenerateSatelliteAssemblyInputs        
        0 мс вызовов   1 _BscMake                                
        0 мс вызовов   1 MakeDirsForBscMake                      
        0 мс вызовов   1 ComputeCLCompileGeneratedSbrFiles       
        0 мс вызовов   1 _XdcMake                                
        0 мс вызовов   1 MakeDirsForXdcMake                      
        0 мс вызовов   1 ComputeCLCompileGeneratedXDCFiles       
        0 мс вызовов   1 ResolvedXDCMake                         
        0 мс вызовов   1 _Manifest                               
        0 мс вызовов   1 AfterClCompile                          
        0 мс вызовов   1 SelectClCompile                         
        0 мс вызовов   1 Build                                   
        0 мс вызовов   1 BuildGenerateSourcesTraverse            
        0 мс вызовов   1 BeforeBuildGenerateSources              
        0 мс вызовов   1 ResolveAssemblyReferences               
        0 мс вызовов   1 PreBuildEvent                           
        0 мс вызовов   1 _SelectedFiles                          
        0 мс вызовов   1 PrepareProjectReferences                
        0 мс вызовов   1 ExpandSDKReferences                     
        0 мс вызовов   1 ResolveSDKReferences                    
        0 мс вызовов   1 SelectCustomBuild                       
        0 мс вызовов   1 ComputeCustomBuildOutput                
        0 мс вызовов   1 _SplitProjectReferencesByFileExistence  
        0 мс вызовов   1 BeforeResolveReferences                 
        0 мс вызовов   1 CopyFileToFolders                       
        0 мс вызовов   1 _Xsd                                    
        0 мс вызовов   1 SetCABuildNativeEnvironmentVariables    
        0 мс вызовов   1 ResolveReferences                       
        0 мс вызовов   1 ComputeMIDLGeneratedCompileInputs       
        0 мс вызовов   1 AfterMidl                               
        0 мс вызовов   1 _Midl                                   
        0 мс вызовов   1 AfterBuildGenerateSources               
        0 мс вызовов   1 AfterBuildGenerateSourcesEvent          
        0 мс вызовов   1 _BuildGenerateSourcesAction             
        0 мс вызовов   1 BuildGenerateSources                    
        0 мс вызовов   1 BuildCompileTraverse                    
        0 мс вызовов   1 BeforeClCompile                         
        0 мс вызовов   1 GetResolvedWinMD                        
        0 мс вызовов   1 ComputeCLInputPDBName                   
        0 мс вызовов   1 GetReferenceAssemblyPaths               
        0 мс вызовов   1 AfterResolveReferences                  
        1 мс вызовов   1 ComputeLegacyManifestEmbedding          
        1 мс вызовов   1 _CheckWindowsSDKInstalled               
        1 мс вызовов   1 GetFrameworkPaths                       
        1 мс вызовов   1 SplitResourcesByCulture                 
        1 мс вызовов   1 GetCopyToOutputDirectoryXamlAppDefs     
        1 мс вызовов   1 FixupCLCompileOptions                   
        1 мс вызовов   1 MakeDirsForLink                         
        1 мс вызовов   1 ComputeManifestInputsTargets            
        1 мс вызовов   1 ComputeReferenceCLInput                 
        1 мс вызовов   1 _CheckForCompileOutputs                 
        1 мс вызовов   1 _PrepareForReferenceResolution          
        1 мс вызовов   1 RegisterOutput                          
        1 мс вызовов   1 _PrepareForBuild                        
        1 мс вызовов   1 AssignTargetPaths                       
        1 мс вызовов   1 ComputeCLOutputs                        
        1 мс вызовов   1 MakeDirsForMidl                         
        1 мс вызовов   1 SetBuildDefaultEnvironmentVariables     
        2 мс вызовов   1 CopyFilesToOutputDirectory              
        2 мс вызовов   1 AssignProjectConfiguration              
        2 мс вызовов   1 ComputeLinkSwitches                     
        2 мс вызовов   1 _GetProjectReferenceTargetFrameworkProperties
        2 мс вызовов   1 FinalizeBuildStatus                     
        5 мс вызовов   1 WarnCompileDuplicatedFilename           
        7 мс вызовов   1 CustomBuild                             
        8 мс вызовов   1 MakeDirsForCl                           
       11 мс вызовов   1 SetTelemetryEnvironmentVariables        
       12 мс вызовов   1 PrepareForBuild                         
       17 мс вызовов   1 InitializeBuildStatus                   
       19 мс вызовов   1 _CheckForInvalidConfigurationAndPlatform
       21 мс вызовов   1 _HandlePackageFileConflicts             
       22 мс вызовов   1 ResolveProjectReferences                
      497 мс вызовов   1 Link                                    
     2840 мс вызовов   1 ClCompile                               

Итоги по задачам:
        0 мс вызовов   1 AssignCulture                           
        1 мс вызовов   1 ReadLinesFromFile                       
        1 мс вызовов   1 CheckVCToolsetVersion                   
        1 мс вызовов   1 WriteLinesToFile                        
        1 мс вызовов   1 Copy                                    
        1 мс вызовов   6 AssignTargetPath                        
        1 мс вызовов   1 MSBuild                                 
        1 мс вызовов   1 Delete                                  
        2 мс вызовов   1 AssignProjectConfiguration              
        2 мс вызовов   8 SetEnv                                  
        2 мс вызовов   9 MakeDir                                 
        3 мс вызовов   3 Message                                 
        7 мс вызовов   3 GetOutOfDateItems                       
       15 мс вызовов   2 Touch                                   
       19 мс вызовов   1 ResolvePackageFileConflicts             
      494 мс вызовов   1 Link                                    
     2839 мс вызовов   1 CL                                      
